-------------------------------------------------------------------------------
Test set: TestSuite
-------------------------------------------------------------------------------
Tests run: 2, Failures: 2, Errors: 0, Skipped: 0, Time elapsed: 113.025 s <<< FAILURE! - in TestSuite
buyTicket_Payment_CashOnDelivery(tests.SampleTest)  Time elapsed: 13.28 s  <<< FAILURE!
java.lang.AssertionError: null
	at tests.SampleTest.buyTicket_Payment_CashOnDelivery(SampleTest.java:132)

buyTicket_Payment_GoToOffice(tests.SampleTest)  Time elapsed: 13.182 s  <<< FAILURE!
java.lang.AssertionError: null
	at tests.SampleTest.buyTicket_Payment_GoToOffice(SampleTest.java:76)

