<?xml version="1.0" encoding="UTF-8"?>
<testsuite xmlns:xsi="http://www.w3.org/2001/XMLSchema-instance" xsi:noNamespaceSchemaLocation="https://maven.apache.org/surefire/maven-surefire-plugin/xsd/surefire-test-report.xsd" name="TestSuite" time="113.025" tests="2" errors="0" skipped="0" failures="2">
  <properties>
[...]
</properties>
  <testcase name="buyTicket_Payment_CashOnDelivery" classname="tests.SampleTest" time="13.28">
    <failure type="java.lang.AssertionError:">java.lang.AssertionError: null
	at tests.SampleTest.buyTicket_Payment_CashOnDelivery(SampleTest.java:132)
</failure>
    <system-out><![CDATA[Start tests
workingDir/Users/nhanngo/Documents/appium/apitiny
BeforeMethod
Start appium server
Start test method: buyTicket_Payment_CashOnDelivery
Exception: Expected condition failed: waiting for presence of element located by: By.id: txt_category (tried for 10 second(s) with 500 MILLISECONDS interval)
]]></system-out>
    <system-err><![CDATA[Apr 04, 2018 4:26:49 PM org.openqa.selenium.remote.ProtocolHandshake createSession
INFO: Detected dialect: OSS
]]></system-err>
  </testcase>
  <testcase name="buyTicket_Payment_GoToOffice" classname="tests.SampleTest" time="13.182">
    <failure type="java.lang.AssertionError:">java.lang.AssertionError: null
	at tests.SampleTest.buyTicket_Payment_GoToOffice(SampleTest.java:76)
</failure>
    <system-out><![CDATA[Test failed: buyTicket_Payment_CashOnDelivery
BeforeMethod
Start appium server
Start test method: buyTicket_Payment_GoToOffice
Exception: Expected condition failed: waiting for presence of element located by: By.id: txt_category (tried for 10 second(s) with 500 MILLISECONDS interval)
]]></system-out>
    <system-err><![CDATA[Apr 04, 2018 4:27:35 PM org.openqa.selenium.remote.ProtocolHandshake createSession
INFO: Detected dialect: OSS
]]></system-err>
  </testcase>
</testsuite>